Starting audit...
[ERROR] D:\ADS-1\m12\Assignment-1\StudentInfo.java:0: File does not end with a newline. [NewlineAtEndOfFile]
[ERROR] D:\ADS-1\m12\Assignment-1\StudentInfo.java:5:1: File contains tab characters (this is the first instance). [FileTabCharacter]
[ERROR] D:\ADS-1\m12\Assignment-1\StudentInfo.java:5:9: Missing a Javadoc comment. [JavadocVariable]
[ERROR] D:\ADS-1\m12\Assignment-1\StudentInfo.java:5:16: Variable 'studentName' must be private and have accessor methods. [VisibilityModifier]
[ERROR] D:\ADS-1\m12\Assignment-1\StudentInfo.java:6:9: Missing a Javadoc comment. [JavadocVariable]
[ERROR] D:\ADS-1\m12\Assignment-1\StudentInfo.java:6:16: Variable 'dateofbirth' must be private and have accessor methods. [VisibilityModifier]
[ERROR] D:\ADS-1\m12\Assignment-1\StudentInfo.java:7:9: Missing a Javadoc comment. [JavadocVariable]
[ERROR] D:\ADS-1\m12\Assignment-1\StudentInfo.java:7:13: Variable 'sub1' must be private and have accessor methods. [VisibilityModifier]
[ERROR] D:\ADS-1\m12\Assignment-1\StudentInfo.java:8:9: Missing a Javadoc comment. [JavadocVariable]
[ERROR] D:\ADS-1\m12\Assignment-1\StudentInfo.java:8:13: Variable 'sub2' must be private and have accessor methods. [VisibilityModifier]
[ERROR] D:\ADS-1\m12\Assignment-1\StudentInfo.java:9:9: Missing a Javadoc comment. [JavadocVariable]
[ERROR] D:\ADS-1\m12\Assignment-1\StudentInfo.java:9:13: Variable 'sub3' must be private and have accessor methods. [VisibilityModifier]
[ERROR] D:\ADS-1\m12\Assignment-1\StudentInfo.java:10:9: Missing a Javadoc comment. [JavadocVariable]
[ERROR] D:\ADS-1\m12\Assignment-1\StudentInfo.java:10:13: Variable 'totalmarks' must be private and have accessor methods. [VisibilityModifier]
[ERROR] D:\ADS-1\m12\Assignment-1\StudentInfo.java:11:9: Missing a Javadoc comment. [JavadocVariable]
[ERROR] D:\ADS-1\m12\Assignment-1\StudentInfo.java:11:16: Variable 'reserveCat' must be private and have accessor methods. [VisibilityModifier]
[ERROR] D:\ADS-1\m12\Assignment-1\StudentInfo.java:24: Line is longer than 80 characters (found 126). [LineLength]
[ERROR] D:\ADS-1\m12\Assignment-1\StudentInfo.java:24:21: Parameter studentName should be final. [FinalParameters]
[ERROR] D:\ADS-1\m12\Assignment-1\StudentInfo.java:24:28: 'studentName' hides a field. [HiddenField]
[ERROR] D:\ADS-1\m12\Assignment-1\StudentInfo.java:24:41: Parameter dateofbirth should be final. [FinalParameters]
[ERROR] D:\ADS-1\m12\Assignment-1\StudentInfo.java:24:48: 'dateofbirth' hides a field. [HiddenField]
[ERROR] D:\ADS-1\m12\Assignment-1\StudentInfo.java:24:61: Parameter sub1 should be final. [FinalParameters]
[ERROR] D:\ADS-1\m12\Assignment-1\StudentInfo.java:24:65: 'sub1' hides a field. [HiddenField]
[ERROR] D:\ADS-1\m12\Assignment-1\StudentInfo.java:24:71: Parameter sub2 should be final. [FinalParameters]
[ERROR] D:\ADS-1\m12\Assignment-1\StudentInfo.java:24:75: 'sub2' hides a field. [HiddenField]
[ERROR] D:\ADS-1\m12\Assignment-1\StudentInfo.java:24:81: Parameter sub3 should be final. [FinalParameters]
[ERROR] D:\ADS-1\m12\Assignment-1\StudentInfo.java:24:85: 'sub3' hides a field. [HiddenField]
[ERROR] D:\ADS-1\m12\Assignment-1\StudentInfo.java:24:91: Parameter totalmarks should be final. [FinalParameters]
[ERROR] D:\ADS-1\m12\Assignment-1\StudentInfo.java:24:95: 'totalmarks' hides a field. [HiddenField]
[ERROR] D:\ADS-1\m12\Assignment-1\StudentInfo.java:24:107: Parameter reserveCat should be final. [FinalParameters]
[ERROR] D:\ADS-1\m12\Assignment-1\StudentInfo.java:24:114: 'reserveCat' hides a field. [HiddenField]
[ERROR] D:\ADS-1\m12\Assignment-1\StudentInfo.java:98:32: Parameter studentName should be final. [FinalParameters]
[ERROR] D:\ADS-1\m12\Assignment-1\StudentInfo.java:98:39: 'studentName' hides a field. [HiddenField]
[ERROR] D:\ADS-1\m12\Assignment-1\StudentInfo.java:106:28: Parameter dateofbirth should be final. [FinalParameters]
[ERROR] D:\ADS-1\m12\Assignment-1\StudentInfo.java:106:35: 'dateofbirth' hides a field. [HiddenField]
[ERROR] D:\ADS-1\m12\Assignment-1\StudentInfo.java:114:34: Parameter sub1 should be final. [FinalParameters]
[ERROR] D:\ADS-1\m12\Assignment-1\StudentInfo.java:114:38: 'sub1' hides a field. [HiddenField]
[ERROR] D:\ADS-1\m12\Assignment-1\StudentInfo.java:121:34: Parameter sub2 should be final. [FinalParameters]
[ERROR] D:\ADS-1\m12\Assignment-1\StudentInfo.java:121:38: 'sub2' hides a field. [HiddenField]
[ERROR] D:\ADS-1\m12\Assignment-1\StudentInfo.java:129:34: '(' is preceded with whitespace. [MethodParamPad]
[ERROR] D:\ADS-1\m12\Assignment-1\StudentInfo.java:129:35: Parameter sub3 should be final. [FinalParameters]
[ERROR] D:\ADS-1\m12\Assignment-1\StudentInfo.java:129:39: 'sub3' hides a field. [HiddenField]
[ERROR] D:\ADS-1\m12\Assignment-1\StudentInfo.java:137:35: Parameter totalmarks should be final. [FinalParameters]
[ERROR] D:\ADS-1\m12\Assignment-1\StudentInfo.java:137:39: 'totalmarks' hides a field. [HiddenField]
[ERROR] D:\ADS-1\m12\Assignment-1\StudentInfo.java:145:35: Parameter reserveCat should be final. [FinalParameters]
[ERROR] D:\ADS-1\m12\Assignment-1\StudentInfo.java:145:42: 'reserveCat' hides a field. [HiddenField]
[ERROR] D:\ADS-1\m12\Assignment-1\StudentInfo.java:157:9: Missing a Javadoc comment. [JavadocMethod]
[ERROR] D:\ADS-1\m12\Assignment-1\StudentInfo.java:157:30: Parameter that should be final. [FinalParameters]
[ERROR] D:\ADS-1\m12\Assignment-1\StudentInfo.java:158: 'if' construct must use '{}'s. [NeedBraces]
[ERROR] D:\ADS-1\m12\Assignment-1\StudentInfo.java:158:19: 'if' is not followed by whitespace. [WhitespaceAfter]
[ERROR] D:\ADS-1\m12\Assignment-1\StudentInfo.java:159: 'if' construct must use '{}'s. [NeedBraces]
[ERROR] D:\ADS-1\m12\Assignment-1\StudentInfo.java:159:19: 'if' is not followed by whitespace. [WhitespaceAfter]
[ERROR] D:\ADS-1\m12\Assignment-1\StudentInfo.java:160: 'if' construct must use '{}'s. [NeedBraces]
[ERROR] D:\ADS-1\m12\Assignment-1\StudentInfo.java:160:19: 'if' is not followed by whitespace. [WhitespaceAfter]
[ERROR] D:\ADS-1\m12\Assignment-1\StudentInfo.java:161: 'if' construct must use '{}'s. [NeedBraces]
[ERROR] D:\ADS-1\m12\Assignment-1\StudentInfo.java:161:19: 'if' is not followed by whitespace. [WhitespaceAfter]
[ERROR] D:\ADS-1\m12\Assignment-1\StudentInfo.java:162: 'if' construct must use '{}'s. [NeedBraces]
[ERROR] D:\ADS-1\m12\Assignment-1\StudentInfo.java:162:19: 'if' is not followed by whitespace. [WhitespaceAfter]
[ERROR] D:\ADS-1\m12\Assignment-1\StudentInfo.java:163: 'if' construct must use '{}'s. [NeedBraces]
[ERROR] D:\ADS-1\m12\Assignment-1\StudentInfo.java:163:19: 'if' is not followed by whitespace. [WhitespaceAfter]
[ERROR] D:\ADS-1\m12\Assignment-1\StudentInfo.java:164: 'if' construct must use '{}'s. [NeedBraces]
[ERROR] D:\ADS-1\m12\Assignment-1\StudentInfo.java:164:19: 'if' is not followed by whitespace. [WhitespaceAfter]
[ERROR] D:\ADS-1\m12\Assignment-1\StudentInfo.java:165: 'if' construct must use '{}'s. [NeedBraces]
[ERROR] D:\ADS-1\m12\Assignment-1\StudentInfo.java:165:19: 'if' is not followed by whitespace. [WhitespaceAfter]
[ERROR] D:\ADS-1\m12\Assignment-1\StudentInfo.java:166: 'if' construct must use '{}'s. [NeedBraces]
[ERROR] D:\ADS-1\m12\Assignment-1\StudentInfo.java:166:19: 'if' is not followed by whitespace. [WhitespaceAfter]
[ERROR] D:\ADS-1\m12\Assignment-1\StudentInfo.java:167: 'if' construct must use '{}'s. [NeedBraces]
[ERROR] D:\ADS-1\m12\Assignment-1\StudentInfo.java:167:19: 'if' is not followed by whitespace. [WhitespaceAfter]
Audit done.
Checkstyle ends with 68 errors.
